[debug] [2021-03-16T07:10:01.529Z] ----------------------------------------------------------------------
[debug] [2021-03-16T07:10:01.532Z] Command:       /usr/bin/node /home/marcus7777/.yarn/bin/firebase init
[debug] [2021-03-16T07:10:01.533Z] CLI Version:   9.6.1
[debug] [2021-03-16T07:10:01.533Z] Platform:      linux
[debug] [2021-03-16T07:10:01.533Z] Node Version:  v10.23.3
[debug] [2021-03-16T07:10:01.534Z] Time:          Tue Mar 16 2021 07:10:01 GMT+0000 (Greenwich Mean Time)
[debug] [2021-03-16T07:10:01.534Z] ----------------------------------------------------------------------
[debug] [2021-03-16T07:10:01.534Z] 
[debug] [2021-03-16T07:10:01.540Z] > command requires scopes: ["email","openid","https://www.googleapis.com/auth/cloudplatformprojects.readonly","https://www.googleapis.com/auth/firebase","https://www.googleapis.com/auth/cloud-platform"]
[debug] [2021-03-16T07:10:01.540Z] > authorizing via signed-in user
[info] 
     ######## #### ########  ######## ########     ###     ######  ########
     ##        ##  ##     ## ##       ##     ##  ##   ##  ##       ##
     ######    ##  ########  ######   ########  #########  ######  ######
     ##        ##  ##    ##  ##       ##     ## ##     ##       ## ##
     ##       #### ##     ## ######## ########  ##     ##  ######  ########

You're about to initialize a Firebase project in this directory:

  /home/marcus7777/vue3rosie

[info] 
=== Project Setup
[info] 
[info] First, let's associate this project directory with a Firebase project.
[info] You can create multiple project aliases by running firebase use --add, 
[info] but for now we'll just set up a default project.
[info] 
[debug] [2021-03-16T07:10:24.483Z] > refreshing access token with scopes: []
[debug] [2021-03-16T07:10:24.485Z] >>> HTTP REQUEST POST https://www.googleapis.com/oauth2/v3/token  
 <request body omitted>
[debug] [2021-03-16T07:10:24.840Z] <<< HTTP RESPONSE 200 {"date":"Tue, 16 Mar 2021 07:10:24 GMT","pragma":"no-cache","cache-control":"no-cache, no-store, max-age=0, must-revalidate","expires":"Mon, 01 Jan 1990 00:00:00 GMT","content-type":"application/json; charset=utf-8","vary":"X-Origin, Referer, Origin,Accept-Encoding","server":"scaffolding on HTTPServer2","x-xss-protection":"0","x-frame-options":"SAMEORIGIN","x-content-type-options":"nosniff","alt-svc":"h3-29=\":443\"; ma=2592000,h3-T051=\":443\"; ma=2592000,h3-Q050=\":443\"; ma=2592000,h3-Q046=\":443\"; ma=2592000,h3-Q043=\":443\"; ma=2592000,quic=\":443\"; ma=2592000; v=\"46,43\"","accept-ranges":"none","transfer-encoding":"chunked"}
[debug] [2021-03-16T07:10:24.868Z] >>> [apiv2][query] GET https://firebase.googleapis.com/v1beta1/projects pageSize=100
[debug] [2021-03-16T07:10:26.153Z] <<< [apiv2][status] GET https://firebase.googleapis.com/v1beta1/projects 200
[debug] [2021-03-16T07:10:26.154Z] <<< [apiv2][body] GET https://firebase.googleapis.com/v1beta1/projects [omitted]
[info] i  Don't want to scroll through all your projects? If you know your project ID, you can initialize it directly using firebase init --project <project_id>.
 
[info] i  Using project rosiehitchins-384e1 (rosiehitchins) 
[info] 
=== Hosting Setup
[info] 
[info] Your public directory is the folder (relative to your project directory) that
[info] will contain Hosting assets to be uploaded with firebase deploy. If you
[info] have a build process for your assets, use your build's output directory.
[info] 
[debug] [2021-03-16T07:11:56.422Z] >>> [apiv2][query] GET https://www.gstatic.com/firebasejs/releases.json [none]
[debug] [2021-03-16T07:11:56.706Z] <<< [apiv2][status] GET https://www.gstatic.com/firebasejs/releases.json 200
[debug] [2021-03-16T07:11:56.707Z] <<< [apiv2][body] GET https://www.gstatic.com/firebasejs/releases.json {"current":{"version":"8.3.0","browserURL":"https://www.gstatic.com/firebasejs/8.3.0/firebase.js","packageURL":"https://www.gstatic.com/firebasejs/8.3.0/firebase.tgz"},"live":{"version":"8.3","browserURL":"https://www.gstatic.com/firebasejs/live/8.3/firebase.js","packageURL":"https://www.gstatic.com/firebasejs/live/8.3/firebase.tgz"},"components":{"analytics":"https://www.gstatic.com/firebasejs/8.3.0/firebase-analytics.js","app":"https://www.gstatic.com/firebasejs/8.3.0/firebase-app.js","auth":"https://www.gstatic.com/firebasejs/8.3.0/firebase-auth.js","database":"https://www.gstatic.com/firebasejs/8.3.0/firebase-database.js","firestore":"https://www.gstatic.com/firebasejs/8.3.0/firebase-firestore.js","functions":"https://www.gstatic.com/firebasejs/8.3.0/firebase-functions.js","installations":"https://www.gstatic.com/firebasejs/8.3.0/firebase-installations.js","messaging":"https://www.gstatic.com/firebasejs/8.3.0/firebase-messaging.js","storage":"https://www.gstatic.com/firebasejs/8.3.0/firebase-storage.js","performance":"https://www.gstatic.com/firebasejs/8.3.0/firebase-performance.js","remote-config":"https://www.gstatic.com/firebasejs/8.3.0/firebase-remote-config.js","firestore.memory":"https://www.gstatic.com/firebasejs/8.3.0/firebase-firestore.memory.js"}}
[info] ✔  Wrote dist/index.html 
[info] 
[info] i  Detected a .git folder at /home/marcus7777/vue3rosie 
[info] i  Authorizing with GitHub to upload your service account to a GitHub repository's secrets store. 
[info] 
[info] Visit this URL on this device to log in:
[info] https://github.com/login/oauth/authorize?client_id=89cf50f02ac6aaed3484&state=443567572&redirect_uri=http%3A%2F%2Flocalhost%3A9005&scope=read%3Auser%20repo%20public_repo
[info] 
[info] Waiting for authentication...
[debug] [2021-03-16T07:14:05.442Z] >>> HTTP REQUEST POST https://github.com/login/oauth/access_token  
 {"client_id":"89cf50f02ac6aaed3484","client_secret":"3330d14abc895d9a74d5f17cd7a00711fa2c5bf0","code":"13354812f59f2066dbba","redirect_uri":"http://localhost:9005","state":"443567572"}
[debug] [2021-03-16T07:14:05.825Z] <<< HTTP RESPONSE 200 {"server":"GitHub.com","date":"Tue, 16 Mar 2021 07:14:05 GMT","content-type":"application/json; charset=utf-8","transfer-encoding":"chunked","vary":"X-PJAX, Accept-Encoding, Accept, X-Requested-With","etag":"W/\"be89d830fdd11289c0ffdc966d675b80\"","cache-control":"max-age=0, private, must-revalidate","strict-transport-security":"max-age=31536000; includeSubdomains; preload","x-frame-options":"deny","x-content-type-options":"nosniff","x-xss-protection":"0","referrer-policy":"origin-when-cross-origin, strict-origin-when-cross-origin","expect-ct":"max-age=2592000, report-uri=\"https://api.github.com/_private/browser/errors\"","content-security-policy":"default-src 'none'; base-uri 'self'; block-all-mixed-content; connect-src 'self' uploads.github.com www.githubstatus.com collector.githubapp.com api.github.com github-cloud.s3.amazonaws.com github-production-repository-file-5c1aeb.s3.amazonaws.com github-production-upload-manifest-file-7fdce7.s3.amazonaws.com github-production-user-asset-6210df.s3.amazonaws.com cdn.optimizely.com logx.optimizely.com/v1/events wss://alive.github.com; font-src github.githubassets.com; form-action 'self' github.com gist.github.com; frame-ancestors 'none'; frame-src render.githubusercontent.com; img-src 'self' data: github.githubassets.com identicons.github.com collector.githubapp.com github-cloud.s3.amazonaws.com secured-user-images.githubusercontent.com/ *.githubusercontent.com; manifest-src 'self'; media-src 'none'; script-src github.githubassets.com; style-src 'unsafe-inline' github.githubassets.com; worker-src github.com/socket-worker-6832eced.js gist.github.com/socket-worker-6832eced.js","x-github-request-id":"BFDE:31F2:22A87:421D5:60505ABD"}
[debug] [2021-03-16T07:14:05.849Z] >>> [apiv2][query] GET https://api.github.com/user [none]
[debug] [2021-03-16T07:14:06.514Z] <<< [apiv2][status] GET https://api.github.com/user 200
[debug] [2021-03-16T07:14:06.515Z] <<< [apiv2][body] GET https://api.github.com/user {"login":"marcus7777","id":6314260,"node_id":"MDQ6VXNlcjYzMTQyNjA=","avatar_url":"https://avatars.githubusercontent.com/u/6314260?v=4","gravatar_id":"","url":"https://api.github.com/users/marcus7777","html_url":"https://github.com/marcus7777","followers_url":"https://api.github.com/users/marcus7777/followers","following_url":"https://api.github.com/users/marcus7777/following{/other_user}","gists_url":"https://api.github.com/users/marcus7777/gists{/gist_id}","starred_url":"https://api.github.com/users/marcus7777/starred{/owner}{/repo}","subscriptions_url":"https://api.github.com/users/marcus7777/subscriptions","organizations_url":"https://api.github.com/users/marcus7777/orgs","repos_url":"https://api.github.com/users/marcus7777/repos","events_url":"https://api.github.com/users/marcus7777/events{/privacy}","received_events_url":"https://api.github.com/users/marcus7777/received_events","type":"User","site_admin":false,"name":"Marcus Hitchins","company":"team earth","blog":"","location":"UK","email":"marcus7777@gmail.com","hireable":null,"bio":null,"twitter_username":null,"public_repos":312,"public_gists":49,"followers":30,"following":103,"created_at":"2014-01-03T21:35:49Z","updated_at":"2021-03-16T07:13:13Z","private_gists":3,"total_private_repos":10,"owned_private_repos":8,"disk_usage":102183,"collaborators":3,"two_factor_authentication":true,"plan":{"name":"free","space":976562499,"collaborators":0,"private_repos":10000}}
[info] 
[info] ✔  Success! Logged into GitHub as marcus7777 
[info] 
